-------------------------------------------------------------------------------
Test set: util.binaryarrays.test.BitaryArraysTest
-------------------------------------------------------------------------------
Tests run: 2, Failures: 0, Errors: 1, Skipped: 0, Time elapsed: 0.054 s <<< FAILURE! -- in util.binaryarrays.test.BitaryArraysTest
util.binaryarrays.test.BitaryArraysTest.insertSortedTest -- Time elapsed: 0.005 s <<< ERROR!
java.lang.ArrayIndexOutOfBoundsException: arraycopy: last source index 12 out of bounds for int[7]
	at java.base/java.lang.System.arraycopy(Native Method)
	at util.binaryarrays.BinaryArrays.insertSorted(BinaryArrays.java:50)
	at util.binaryarrays.test.BitaryArraysTest.insertSortedTest(BitaryArraysTest.java:27)
	at java.base/java.lang.reflect.Method.invoke(Method.java:580)
	at java.base/java.util.ArrayList.forEach(ArrayList.java:1597)
	at java.base/java.util.ArrayList.forEach(ArrayList.java:1597)

