<?xml version="1.0" encoding="UTF-8"?>
<testsuite xmlns:xsi="http://www.w3.org/2001/XMLSchema-instance" xsi:noNamespaceSchemaLocation="https://maven.apache.org/surefire/maven-surefire-plugin/xsd/surefire-test-report-3.0.xsd" version="3.0" name="telran.interview.InterviewTasksTest" time="0.029" tests="4" errors="0" skipped="0" failures="1">
  <properties>
[...]
</properties>
  <testcase name="assignRoleDatesTest" classname="telran.interview.InterviewTasksTest" time="0.018">
    <failure message="iterable contents differ at index [1], expected: &lt;DateRole[date=2021-10-30, role=Senior Developer]&gt; but was: &lt;DateRole[date=2021-10-30, role=null]&gt;" type="org.opentest4j.AssertionFailedError"><![CDATA[org.opentest4j.AssertionFailedError: iterable contents differ at index [1], expected: <DateRole[date=2021-10-30, role=Senior Developer]> but was: <DateRole[date=2021-10-30, role=null]>
	at org.junit.jupiter.api.AssertionFailureBuilder.build(AssertionFailureBuilder.java:151)
	at org.junit.jupiter.api.AssertionFailureBuilder.buildAndThrow(AssertionFailureBuilder.java:132)
	at org.junit.jupiter.api.AssertIterableEquals.failIterablesNotEqual(AssertIterableEquals.java:179)
	at org.junit.jupiter.api.AssertIterableEquals.assertIterableElementsEqual(AssertIterableEquals.java:123)
	at org.junit.jupiter.api.AssertIterableEquals.assertIterableEquals(AssertIterableEquals.java:72)
	at org.junit.jupiter.api.AssertIterableEquals.assertIterableEquals(AssertIterableEquals.java:51)
	at org.junit.jupiter.api.AssertIterableEquals.assertIterableEquals(AssertIterableEquals.java:42)
	at org.junit.jupiter.api.AssertIterableEquals.assertIterableEquals(AssertIterableEquals.java:38)
	at org.junit.jupiter.api.Assertions.assertIterableEquals(Assertions.java:1508)
	at telran.interview.InterviewTasksTest.assignRoleDatesTest(InterviewTasksTest.java:54)
	at java.base/java.lang.reflect.Method.invoke(Method.java:580)
	at java.base/java.util.ArrayList.forEach(ArrayList.java:1597)
	at java.base/java.util.ArrayList.forEach(ArrayList.java:1597)
]]></failure>
  </testcase>
  <testcase name="getMaxWithNegativePresentation" classname="telran.interview.InterviewTasksTest" time="0.001"/>
  <testcase name="hasSumTwoTest" classname="telran.interview.InterviewTasksTest" time="0.003"/>
  <testcase name="isAnagrmaTest" classname="telran.interview.InterviewTasksTest" time="0.002"/>
</testsuite>