<?xml version="1.0" encoding="UTF-8"?>
<testsuite xmlns:xsi="http://www.w3.org/2001/XMLSchema-instance" xsi:noNamespaceSchemaLocation="https://maven.apache.org/surefire/maven-surefire-plugin/xsd/surefire-test-report-3.0.xsd" version="3.0" name="telran.employees.CompanyTest" time="0.079" tests="9" errors="0" skipped="0" failures="1">
  <properties>
[...]
</properties>
  <testcase name="testGetEmployee" classname="telran.employees.CompanyTest" time="0.028"/>
  <testcase name="testRemoveEmployee" classname="telran.employees.CompanyTest" time="0.005"/>
  <testcase name="testRemoveEmployeeAndDepartmentBudget" classname="telran.employees.CompanyTest" time="0.002"/>
  <testcase name="testGetDepartments" classname="telran.employees.CompanyTest" time="0.002"/>
  <testcase name="testGetManagersWithMostFactor" classname="telran.employees.CompanyTest" time="0.002"/>
  <testcase name="testAddEmployee" classname="telran.employees.CompanyTest" time="0.003"/>
  <testcase name="iteratorRemoveTest" classname="telran.employees.CompanyTest" time="0.007">
    <failure message="expected: &lt;0&gt; but was: &lt;4001&gt;" type="org.opentest4j.AssertionFailedError"><![CDATA[org.opentest4j.AssertionFailedError: expected: <0> but was: <4001>
	at org.junit.jupiter.api.AssertionFailureBuilder.build(AssertionFailureBuilder.java:151)
	at org.junit.jupiter.api.AssertionFailureBuilder.buildAndThrow(AssertionFailureBuilder.java:132)
	at org.junit.jupiter.api.AssertEquals.failNotEqual(AssertEquals.java:197)
	at org.junit.jupiter.api.AssertEquals.assertEquals(AssertEquals.java:150)
	at org.junit.jupiter.api.AssertEquals.assertEquals(AssertEquals.java:145)
	at org.junit.jupiter.api.Assertions.assertEquals(Assertions.java:531)
	at telran.employees.CompanyTest.iteratorRemoveTest(CompanyTest.java:134)
	at java.base/java.lang.reflect.Method.invoke(Method.java:580)
	at java.base/java.util.ArrayList.forEach(ArrayList.java:1597)
	at java.base/java.util.ArrayList.forEach(ArrayList.java:1597)
]]></failure>
  </testcase>
  <testcase name="testIterator" classname="telran.employees.CompanyTest" time="0.001"/>
  <testcase name="testGetDepartmentBudget" classname="telran.employees.CompanyTest" time="0.001"/>
</testsuite>