<?xml version="1.0" encoding="UTF-8"?>
<testsuite xmlns:xsi="http://www.w3.org/2001/XMLSchema-instance" xsi:noNamespaceSchemaLocation="https://maven.apache.org/surefire/maven-surefire-plugin/xsd/surefire-test-report-3.0.xsd" version="3.0" name="telran.employees.CompanyTest" time="0.077" tests="10" errors="0" skipped="0" failures="0">
  <properties>
[...]
</properties>
  <testcase name="jsonTest" classname="telran.employees.CompanyTest" time="0.025"/>
  <testcase name="testGetEmployee" classname="telran.employees.CompanyTest" time="0.002"/>
  <testcase name="testRemoveEmployee" classname="telran.employees.CompanyTest" time="0.005"/>
  <testcase name="testGetDepartments" classname="telran.employees.CompanyTest" time="0.002"/>
  <testcase name="testGetManagersWithMostFactor" classname="telran.employees.CompanyTest" time="0.001"/>
  <testcase name="testAddEmployee" classname="telran.employees.CompanyTest" time="0.001"/>
  <testcase name="iteratorRemoveTest" classname="telran.employees.CompanyTest" time="0.003"/>
  <testcase name="testIterator" classname="telran.employees.CompanyTest" time="0.001"/>
  <testcase name="persistenceTest" classname="telran.employees.CompanyTest" time="0.008"/>
  <testcase name="testGetDepartmentBudget" classname="telran.employees.CompanyTest" time="0.0"/>
</testsuite>